<?xml version="1.0" encoding="UTF-8"?>
<testng-results ignored="0" total="1" passed="1" failed="0" skipped="0">
  <reporter-output>
  </reporter-output>
  <suite started-at="2023-05-25T12:32:25 IST" name="Default suite" finished-at="2023-05-25T12:32:52 IST" duration-ms="27298">
    <groups>
    </groups>
    <test started-at="2023-05-25T12:32:25 IST" name="Default test" finished-at="2023-05-25T12:32:52 IST" duration-ms="27298">
      <class name="com.HollandAndBarrett.TestCases.VerifyHollandLogin">
        <test-method signature="validateLogin()[pri:0, instance:com.HollandAndBarrett.TestCases.VerifyHollandLogin@309e345f]" started-at="2023-05-25T12:32:25 IST" name="validateLogin" finished-at="2023-05-25T12:32:52 IST" duration-ms="27265" status="PASS">
          <reporter-output>
          </reporter-output>
        </test-method> <!-- validateLogin -->
      </class> <!-- com.HollandAndBarrett.TestCases.VerifyHollandLogin -->
    </test> <!-- Default test -->
  </suite> <!-- Default suite -->
</testng-results>
